2025-02-21 23:52:51,870 - logging_setup - INFO - Directory checked/created: ../data/
2025-02-21 23:52:51,874 - logging_setup - INFO - Starting download from Google Drive.
2025-02-21 23:52:52,436 - logging_setup - ERROR - Error loading data: Failed to retrieve file url:

	Cannot retrieve the public link of the file. You may need to change
	the permission to 'Anyone with the link', or have had many accesses.
	Check FAQ in https://github.com/wkentaro/gdown?tab=readme-ov-file#faq.

You may still be able to access the file from the browser:

	https://drive.google.com/uc?export=download&id=data

but Gdown can't. Please check connections and permissions.
2025-02-21 23:59:28,806 - logging_setup - INFO - Directory checked/created: ../data/
2025-02-21 23:59:28,806 - logging_setup - INFO - Directory checked/created: ../data/
2025-02-21 23:59:28,810 - logging_setup - INFO - Starting download from Google Drive.
2025-02-21 23:59:28,810 - logging_setup - INFO - Starting download from Google Drive.
2025-02-21 23:59:29,425 - logging_setup - ERROR - Error loading data: Failed to retrieve file url:

	Cannot retrieve the public link of the file. You may need to change
	the permission to 'Anyone with the link', or have had many accesses.
	Check FAQ in https://github.com/wkentaro/gdown?tab=readme-ov-file#faq.

You may still be able to access the file from the browser:

	https://drive.google.com/uc?export=download&id=data

but Gdown can't. Please check connections and permissions.
2025-02-21 23:59:29,425 - logging_setup - ERROR - Error loading data: Failed to retrieve file url:

	Cannot retrieve the public link of the file. You may need to change
	the permission to 'Anyone with the link', or have had many accesses.
	Check FAQ in https://github.com/wkentaro/gdown?tab=readme-ov-file#faq.

You may still be able to access the file from the browser:

	https://drive.google.com/uc?export=download&id=data

but Gdown can't. Please check connections and permissions.
2025-02-22 00:00:07,435 - logging_setup - ERROR - Error loading data: [Errno 2] No such file or directory: '../data/data.csv'
2025-02-22 00:04:01,870 - logging_setup - ERROR - Error loading data: [Errno 2] No such file or directory: '../data/data.csv'
2025-02-22 00:04:18,113 - logging_setup - ERROR - Error loading data: [Errno 2] No such file or directory: '../data/data.csv'
2025-02-22 00:04:49,435 - logging_setup - ERROR - Error loading data: [Errno 2] No such file or directory: '../data/data.csv'
2025-02-22 00:04:52,677 - logging_setup - ERROR - Error loading data: [Errno 2] No such file or directory: '../data/data.csv'
2025-02-22 00:04:52,677 - logging_setup - ERROR - Error loading data: [Errno 2] No such file or directory: '../data/data.csv'
2025-02-22 00:05:03,978 - logging_setup - ERROR - Error loading data: [Errno 2] No such file or directory: '../data.csv'
2025-02-22 00:07:16,742 - logging_setup - ERROR - Error loading data: [Errno 2] No such file or directory: '../data.csv'
2025-02-22 00:07:33,826 - logging_setup - INFO - Directory checked/created: ../data/
2025-02-22 00:07:33,828 - logging_setup - INFO - Starting download from Google Drive.
2025-02-22 00:07:35,933 - logging_setup - ERROR - Error loading data: Failed to retrieve file url:

	Cannot retrieve the public link of the file. You may need to change
	the permission to 'Anyone with the link', or have had many accesses.
	Check FAQ in https://github.com/wkentaro/gdown?tab=readme-ov-file#faq.

You may still be able to access the file from the browser:

	https://drive.google.com/uc?export=download&id=1gK9oGSPnpWDFO_belCbbPw3M6BVueHoP

but Gdown can't. Please check connections and permissions.
2025-02-22 00:09:10,670 - logging_setup - INFO - Directory checked/created: ../data/
2025-02-22 00:09:10,671 - logging_setup - INFO - Starting download from Google Drive.
2025-02-22 00:09:15,899 - logging_setup - INFO - File downloaded successfully to ../data/data.csv.
2025-02-22 00:09:16,459 - logging_setup - INFO - Data loaded into DataFrame successfully.
